Build started 27/09/2015 23:38:01.
     1>Project "C:\Users\Shelley\Dropbox\Proyecto\Cuda\ProyectoDefinitivo\Kohonen\Kohonen\Kohonen.vcxproj" on node 2 (Build target(s)).
     1>AddCudaCompileDeps:
         C:\Program Files (x86)\Microsoft Visual Studio 12.0\VC\bin\cl.exe /E /nologo /showIncludes /TP /D__CUDACC__ /DWIN32 /D_DEBUG /D_CONSOLE /D_MBCS /I"C:\Program Files\NVIDIA GPU Computing Toolkit\CUDA\v6.5\include" /I"C:\Program Files\NVIDIA GPU Computing Toolkit\CUDA\v6.5\bin" /I"C:\Program Files\NVIDIA GPU Computing Toolkit\CUDA\v6.5\include" /I. /FIcuda_runtime.h /c C:\Users\Shelley\Dropbox\Proyecto\Cuda\ProyectoDefinitivo\Kohonen\Kohonen\kohonen.cu 
       CudaBuild:
         Compiling CUDA source file kohonen.cu...
         cmd.exe /C "C:\Users\Shelley\AppData\Local\Temp\tmpb1b5211606944e92a7d7b089a3d3a8f4.cmd"
         "C:\Program Files\NVIDIA GPU Computing Toolkit\CUDA\v6.5\bin\nvcc.exe" -gencode=arch=compute_20,code=\"sm_20,compute_20\" --use-local-env --cl-version 2013 -ccbin "C:\Program Files (x86)\Microsoft Visual Studio 12.0\VC\bin"  -I"C:\Program Files\NVIDIA GPU Computing Toolkit\CUDA\v6.5\include" -I"C:\Program Files\NVIDIA GPU Computing Toolkit\CUDA\v6.5\include"  -G   --keep-dir Debug -maxrregcount=0  --machine 32 --compile -cudart static  -g   -DWIN32 -D_DEBUG -D_CONSOLE -D_MBCS -Xcompiler "/EHsc /W3 /nologo /Od /Zi /RTC1 /MDd  " -o Debug\kohonen.cu.obj "C:\Users\Shelley\Dropbox\Proyecto\Cuda\ProyectoDefinitivo\Kohonen\Kohonen\kohonen.cu"
         
         C:\Users\Shelley\Dropbox\Proyecto\Cuda\ProyectoDefinitivo\Kohonen\Kohonen>"C:\Program Files\NVIDIA GPU Computing Toolkit\CUDA\v6.5\bin\nvcc.exe" -gencode=arch=compute_20,code=\"sm_20,compute_20\" --use-local-env --cl-version 2013 -ccbin "C:\Program Files (x86)\Microsoft Visual Studio 12.0\VC\bin"  -I"C:\Program Files\NVIDIA GPU Computing Toolkit\CUDA\v6.5\include" -I"C:\Program Files\NVIDIA GPU Computing Toolkit\CUDA\v6.5\include"  -G   --keep-dir Debug -maxrregcount=0  --machine 32 --compile -cudart static  -g   -DWIN32 -D_DEBUG -D_CONSOLE -D_MBCS -Xcompiler "/EHsc /W3 /nologo /Od /Zi /RTC1 /MDd  " -o Debug\kohonen.cu.obj "C:\Users\Shelley\Dropbox\Proyecto\Cuda\ProyectoDefinitivo\Kohonen\Kohonen\kohonen.cu" 
     1>C:/Users/Shelley/Dropbox/Proyecto/Cuda/ProyectoDefinitivo/Kohonen/Kohonen/kohonen.cu(15): warning : variable "minMapLeft1" was declared but never referenced
     1>C:/Users/Shelley/Dropbox/Proyecto/Cuda/ProyectoDefinitivo/Kohonen/Kohonen/kohonen.cu(15): warning : variable "minMapRight1" was declared but never referenced
     1>C:/Users/Shelley/Dropbox/Proyecto/Cuda/ProyectoDefinitivo/Kohonen/Kohonen/kohonen.cu(15): warning : variable "minMapLeft2" was declared but never referenced
     1>C:/Users/Shelley/Dropbox/Proyecto/Cuda/ProyectoDefinitivo/Kohonen/Kohonen/kohonen.cu(15): warning : variable "minMapRight2" was declared but never referenced
     1>C:/Users/Shelley/Dropbox/Proyecto/Cuda/ProyectoDefinitivo/Kohonen/Kohonen/kohonen.cu(17): warning : variable "eta2" was declared but never referenced
     1>C:/Users/Shelley/Dropbox/Proyecto/Cuda/ProyectoDefinitivo/Kohonen/Kohonen/kohonen.cu(19): warning : variable "hI1" was declared but never referenced
     1>C:/Users/Shelley/Dropbox/Proyecto/Cuda/ProyectoDefinitivo/Kohonen/Kohonen/kohonen.cu(23): warning : variable "hR2" was declared but never referenced
     1>C:/Users/Shelley/Dropbox/Proyecto/Cuda/ProyectoDefinitivo/Kohonen/Kohonen/kohonen.cu(23): warning : variable "hR1" was declared but never referenced
     1>C:/Users/Shelley/Dropbox/Proyecto/Cuda/ProyectoDefinitivo/Kohonen/Kohonen/kohonen.cu(23): warning : variable "hR3" was declared but never referenced
     1>C:/Users/Shelley/Dropbox/Proyecto/Cuda/ProyectoDefinitivo/Kohonen/Kohonen/kohonen.cu(208): warning : expression has no effect
     1>C:/Users/Shelley/Dropbox/Proyecto/Cuda/ProyectoDefinitivo/Kohonen/Kohonen/kohonen.cu(209): warning : expression has no effect
     1>C:/Users/Shelley/Dropbox/Proyecto/Cuda/ProyectoDefinitivo/Kohonen/Kohonen/kohonen.cu(120): warning : variable "eta2" was declared but never referenced
     1>C:/Users/Shelley/Dropbox/Proyecto/Cuda/ProyectoDefinitivo/Kohonen/Kohonen/kohonen.cu(122): warning : variable "hI1" was declared but never referenced
     1>C:/Users/Shelley/Dropbox/Proyecto/Cuda/ProyectoDefinitivo/Kohonen/Kohonen/kohonen.cu(126): warning : variable "hR2" was declared but never referenced
     1>C:/Users/Shelley/Dropbox/Proyecto/Cuda/ProyectoDefinitivo/Kohonen/Kohonen/kohonen.cu(126): warning : variable "hR1" was declared but never referenced
     1>C:/Users/Shelley/Dropbox/Proyecto/Cuda/ProyectoDefinitivo/Kohonen/Kohonen/kohonen.cu(126): warning : variable "hR3" was declared but never referenced
     1>C:/Users/Shelley/Dropbox/Proyecto/Cuda/ProyectoDefinitivo/Kohonen/Kohonen/kohonen.cu(15): warning : variable "minMapLeft1" was declared but never referenced
     1>C:/Users/Shelley/Dropbox/Proyecto/Cuda/ProyectoDefinitivo/Kohonen/Kohonen/kohonen.cu(15): warning : variable "minMapRight1" was declared but never referenced
     1>C:/Users/Shelley/Dropbox/Proyecto/Cuda/ProyectoDefinitivo/Kohonen/Kohonen/kohonen.cu(15): warning : variable "minMapLeft2" was declared but never referenced
     1>C:/Users/Shelley/Dropbox/Proyecto/Cuda/ProyectoDefinitivo/Kohonen/Kohonen/kohonen.cu(15): warning : variable "minMapRight2" was declared but never referenced
     1>C:/Users/Shelley/Dropbox/Proyecto/Cuda/ProyectoDefinitivo/Kohonen/Kohonen/kohonen.cu(17): warning : variable "eta2" was declared but never referenced
     1>C:/Users/Shelley/Dropbox/Proyecto/Cuda/ProyectoDefinitivo/Kohonen/Kohonen/kohonen.cu(19): warning : variable "hI1" was declared but never referenced
     1>C:/Users/Shelley/Dropbox/Proyecto/Cuda/ProyectoDefinitivo/Kohonen/Kohonen/kohonen.cu(23): warning : variable "hR2" was declared but never referenced
     1>C:/Users/Shelley/Dropbox/Proyecto/Cuda/ProyectoDefinitivo/Kohonen/Kohonen/kohonen.cu(23): warning : variable "hR1" was declared but never referenced
     1>C:/Users/Shelley/Dropbox/Proyecto/Cuda/ProyectoDefinitivo/Kohonen/Kohonen/kohonen.cu(23): warning : variable "hR3" was declared but never referenced
     1>C:/Users/Shelley/Dropbox/Proyecto/Cuda/ProyectoDefinitivo/Kohonen/Kohonen/kohonen.cu(208): warning : expression has no effect
     1>C:/Users/Shelley/Dropbox/Proyecto/Cuda/ProyectoDefinitivo/Kohonen/Kohonen/kohonen.cu(209): warning : expression has no effect
     1>C:/Users/Shelley/Dropbox/Proyecto/Cuda/ProyectoDefinitivo/Kohonen/Kohonen/kohonen.cu(120): warning : variable "eta2" was declared but never referenced
     1>C:/Users/Shelley/Dropbox/Proyecto/Cuda/ProyectoDefinitivo/Kohonen/Kohonen/kohonen.cu(122): warning : variable "hI1" was declared but never referenced
     1>C:/Users/Shelley/Dropbox/Proyecto/Cuda/ProyectoDefinitivo/Kohonen/Kohonen/kohonen.cu(126): warning : variable "hR2" was declared but never referenced
     1>C:/Users/Shelley/Dropbox/Proyecto/Cuda/ProyectoDefinitivo/Kohonen/Kohonen/kohonen.cu(126): warning : variable "hR1" was declared but never referenced
     1>C:/Users/Shelley/Dropbox/Proyecto/Cuda/ProyectoDefinitivo/Kohonen/Kohonen/kohonen.cu(126): warning : variable "hR3" was declared but never referenced
         kohonen.cu
       ClCompile:
         C:\Program Files (x86)\Microsoft Visual Studio 12.0\VC\bin\CL.exe /c /I"C:\Program Files\NVIDIA GPU Computing Toolkit\CUDA\v6.5\include" /ZI /nologo /W3 /WX- /Od /Oy- /D WIN32 /D _DEBUG /D _CONSOLE /D _MBCS /Gm /EHsc /RTC1 /MDd /GS /fp:precise /Zc:wchar_t /Zc:forScope /Fo"Debug\\" /Fd"Debug\vc120.pdb" /Gd /TP /analyze- /errorReport:prompt main.cpp
         main.cpp
     1>c:\users\shelley\dropbox\proyecto\cuda\proyectodefinitivo\kohonen\kohonen\main.cpp(31): warning C4305: 'initializing' : truncation from 'double' to 'float'
     1>c:\users\shelley\dropbox\proyecto\cuda\proyectodefinitivo\kohonen\kohonen\main.cpp(79): warning C4244: '=' : conversion from 'double' to 'float', possible loss of data
     1>c:\users\shelley\dropbox\proyecto\cuda\proyectodefinitivo\kohonen\kohonen\main.cpp(81): warning C4244: '=' : conversion from 'double' to 'float', possible loss of data
     1>c:\users\shelley\dropbox\proyecto\cuda\proyectodefinitivo\kohonen\kohonen\main.cpp(131): warning C4101: 'e' : unreferenced local variable
       Link:
         C:\Program Files (x86)\Microsoft Visual Studio 12.0\VC\bin\link.exe /ERRORREPORT:PROMPT /OUT:"C:\Users\Shelley\Dropbox\Proyecto\Cuda\ProyectoDefinitivo\Kohonen\Debug\Kohonen.exe" /INCREMENTAL /NOLOGO /LIBPATH:"C:\Program Files\NVIDIA GPU Computing Toolkit\CUDA\v6.5\lib\Win32" cudart.lib kernel32.lib user32.lib gdi32.lib winspool.lib comdlg32.lib advapi32.lib shell32.lib ole32.lib oleaut32.lib uuid.lib odbc32.lib odbccp32.lib kernel32.lib user32.lib gdi32.lib winspool.lib comdlg32.lib advapi32.lib shell32.lib ole32.lib oleaut32.lib uuid.lib odbc32.lib odbccp32.lib /MANIFEST /MANIFESTUAC:"level='asInvoker' uiAccess='false'" /manifest:embed /DEBUG /PDB:"C:\Users\Shelley\Dropbox\Proyecto\Cuda\ProyectoDefinitivo\Kohonen\Debug\Kohonen.pdb" /SUBSYSTEM:CONSOLE /TLBID:1 /DYNAMICBASE /NXCOMPAT /IMPLIB:"C:\Users\Shelley\Dropbox\Proyecto\Cuda\ProyectoDefinitivo\Kohonen\Debug\Kohonen.lib" /MACHINE:X86 Debug\kohonen.cu.obj
         Debug\main.obj
         Kohonen.vcxproj -> C:\Users\Shelley\Dropbox\Proyecto\Cuda\ProyectoDefinitivo\Kohonen\Debug\Kohonen.exe
       PostBuildEvent:
         echo copy "C:\Program Files\NVIDIA GPU Computing Toolkit\CUDA\v6.5\bin\cudart*.dll" "C:\Users\Shelley\Dropbox\Proyecto\Cuda\ProyectoDefinitivo\Kohonen\Debug\"
         copy "C:\Program Files\NVIDIA GPU Computing Toolkit\CUDA\v6.5\bin\cudart*.dll" "C:\Users\Shelley\Dropbox\Proyecto\Cuda\ProyectoDefinitivo\Kohonen\Debug\"
         :VCEnd
         copy "C:\Program Files\NVIDIA GPU Computing Toolkit\CUDA\v6.5\bin\cudart*.dll" "C:\Users\Shelley\Dropbox\Proyecto\Cuda\ProyectoDefinitivo\Kohonen\Debug\"
         C:\Program Files\NVIDIA GPU Computing Toolkit\CUDA\v6.5\bin\cudart32_65.dll
         C:\Program Files\NVIDIA GPU Computing Toolkit\CUDA\v6.5\bin\cudart64_65.dll
                 2 archivo(s) copiado(s).
     1>Done Building Project "C:\Users\Shelley\Dropbox\Proyecto\Cuda\ProyectoDefinitivo\Kohonen\Kohonen\Kohonen.vcxproj" (Build target(s)).

Build succeeded.

Time Elapsed 00:00:05.22
